[debug] [2017-11-07T02:51:34.307Z] ----------------------------------------------------------------------
[debug] [2017-11-07T02:51:34.309Z] Command:       /usr/local/Cellar/node/8.6.0/bin/node /usr/local/bin/firebase serve
[debug] [2017-11-07T02:51:34.309Z] CLI Version:   3.14.0
[debug] [2017-11-07T02:51:34.309Z] Platform:      darwin
[debug] [2017-11-07T02:51:34.309Z] Node Version:  v8.6.0
[debug] [2017-11-07T02:51:34.310Z] Time:          Mon Nov 06 2017 21:51:34 GMT-0500 (EST)
[debug] [2017-11-07T02:51:34.310Z] ----------------------------------------------------------------------
[debug] 
[debug] [2017-11-07T02:51:34.322Z] > command requires scopes: ["email","openid","https://www.googleapis.com/auth/cloudplatformprojects.readonly","https://www.googleapis.com/auth/firebase","https://www.googleapis.com/auth/cloud-platform"]
[debug] [2017-11-07T02:51:34.322Z] > authorizing via signed-in user
[debug] [2017-11-07T02:51:34.324Z] >>> HTTP REQUEST GET https://admin.firebase.com/v1/projects/friendlychat-5866b  
 Mon Nov 06 2017 21:51:34 GMT-0500 (EST)
[debug] [2017-11-07T02:51:35.747Z] <<< HTTP RESPONSE 200
[debug] [2017-11-07T02:51:35.748Z] >>> HTTP REQUEST GET https://admin.firebase.com/v1/database/friendlychat-5866b/tokens  
 Mon Nov 06 2017 21:51:35 GMT-0500 (EST)
[debug] [2017-11-07T02:51:36.149Z] <<< HTTP RESPONSE 200
[info] 
[info] === Serving from '/Users/norrisa/Documents/dev/github/web215/m5_firebase/friendlychat-web/web-steps'...
[info] 
[debug] [2017-11-07T02:51:36.154Z] >>> HTTP REQUEST GET https://cloudresourcemanager.googleapis.com/v1/projects/friendlychat-5866b  
 Mon Nov 06 2017 21:51:36 GMT-0500 (EST)
[debug] [2017-11-07T02:51:36.997Z] <<< HTTP RESPONSE 200
[debug] [2017-11-07T02:51:36.998Z] >>> HTTP REQUEST GET https://mobilesdk-pa.googleapis.com/v1/projects/192831842586/clients/_:getWebAppConfig  
 Mon Nov 06 2017 21:51:36 GMT-0500 (EST)
[debug] [2017-11-07T02:51:37.314Z] <<< HTTP RESPONSE 200
[info] i  hosting: Serving hosting files from: ./
[info] ✔  hosting: Local server: http://localhost:5000

